\BOOKMARK [0][-]{chapter.1}{\376\377\000I\000n\000t\000r\000o\000d\000u\000c\000t\000i\000o\000n}{}% 1
\BOOKMARK [0][-]{chapter.2}{\376\377\000H\000o\000w\000\040\000d\000o\000e\000s\000\040\000i\000t\000\040\000w\000o\000r\000k\000\040\000?}{}% 2
\BOOKMARK [0][-]{chapter.3}{\376\377\000W\000h\000a\000t\040\031\000s\000\040\000n\000e\000x\000t}{}% 3
\BOOKMARK [1][-]{section.3.1}{\376\377\000I\000n\000s\000t\000a\000l\000l\000a\000t\000i\000o\000n}{chapter.3}% 4
\BOOKMARK [2][-]{subsection.3.1.1}{\376\377\000I\000n\000s\000t\000a\000l\000l\000i\000n\000g\000\040\000a\000n\000d\000\040\000r\000u\000n\000n\000i\000n\000g\000\040\000d\000r\000a\000n\000\040\000i\000n\000\040\000a\000n\000\040\000a\000n\000a\000c\000o\000n\000d\000a\000\040\000v\000i\000r\000t\000u\000a\000l\000\040\000e\000n\000v\000i\000r\000o\000n\000m\000e\000n\000t}{section.3.1}% 5
\BOOKMARK [1][-]{section.3.2}{\376\377\000C\000a\000v\000e\000a\000t\000s}{chapter.3}% 6
\BOOKMARK [1][-]{section.3.3}{\376\377\000Q\000u\000i\000c\000k\000s\000t\000a\000r\000t\000\040\000G\000u\000i\000d\000e}{chapter.3}% 7
\BOOKMARK [2][-]{subsection.3.3.1}{\376\377\000S\000t\000a\000r\000t\000i\000n\000g\000\040\000t\000h\000e\000\040\000p\000r\000o\000g\000r\000a\000m\000\040\000w\000i\000t\000h\000o\000u\000t\000\040\000c\000o\000m\000m\000a\000n\000d\000s}{section.3.3}% 8
\BOOKMARK [2][-]{subsection.3.3.2}{\376\377\000S\000t\000a\000r\000t\000i\000n\000g\000\040\000t\000h\000e\000\040\000p\000r\000o\000g\000r\000a\000m\000\040\000w\000i\000t\000h\000\040\000c\000o\000m\000m\000a\000n\000d\000\040\000l\000i\000n\000e\000\040\000o\000p\000t\000i\000o\000n\000s}{section.3.3}% 9
\BOOKMARK [1][-]{section.3.4}{\376\377\000T\000h\000e\000\040\000c\000o\000m\000m\000a\000n\000d\000\040\000l\000i\000n\000e\000\040\000i\000n\000t\000e\000r\000f\000a\000c\000e\000\040\000\050\000C\000L\000I\000\051}{chapter.3}% 10
\BOOKMARK [2][-]{subsection.3.4.1}{\376\377\000a\000u\000t\000o\000m\000a\000t\000e\000d\000\040\000d\000a\000t\000a\000\040\000r\000e\000d\000u\000c\000t\000i\000o\000n}{section.3.4}% 11
\BOOKMARK [2][-]{subsection.3.4.2}{\376\377\000M\000a\000n\000u\000a\000l\000\040\000d\000a\000t\000a\000\040\000r\000e\000d\000u\000c\000t\000i\000o\000n}{section.3.4}% 12
\BOOKMARK [1][-]{section.3.5}{\376\377\000T\000h\000e\000\040\000g\000r\000a\000p\000h\000i\000c\000a\000l\000\040\000u\000s\000e\000r\000\040\000i\000n\000t\000e\000r\000f\000a\000c\000e\000\040\000\050\000G\000U\000I\000\051}{chapter.3}% 13
\BOOKMARK [1][-]{section.3.6}{\376\377\000T\000h\000e\000\040\000l\000a\000n\000d\000i\000n\000g\000\040\000p\000a\000g\000e}{chapter.3}% 14
\BOOKMARK [1][-]{section.3.7}{\376\377\000E\000d\000i\000t\000\040\000d\000r\000i\000f\000t\000s\000c\000a\000n}{chapter.3}% 15
\BOOKMARK [1][-]{section.3.8}{\376\377\000E\000d\000i\000t\000\040\000T\000i\000m\000e\000\040\000s\000e\000r\000i\000e\000s}{chapter.3}% 16
\BOOKMARK [1][-]{section.3.9}{\376\377\000V\000i\000e\000w\000\040\000p\000l\000o\000t\000s}{chapter.3}% 17
\BOOKMARK [1][-]{section.3.10}{\376\377\000R\000a\000d\000i\000o\000\040\000f\000r\000e\000q\000u\000e\000n\000c\000y\000\040\000i\000n\000t\000e\000r\000f\000e\000r\000e\000n\000c\000e\000\040\000\050\000R\000F\000I\000\051}{chapter.3}% 18
\BOOKMARK [1][-]{section.3.11}{\376\377\000T\000u\000t\000o\000r\000i\000a\000l\000s}{chapter.3}% 19
\BOOKMARK [2][-]{subsection.3.11.1}{\376\377\000D\000a\000t\000a\000\040\000r\000e\000d\000u\000c\000t\000i\000o\000n\000\040\000o\000f\000\040\0002\000\040\000G\000H\000z\000\040\000d\000a\000t\000a\000.}{section.3.11}% 20
\BOOKMARK [1][-]{section.3.12}{\376\377\000C\000o\000m\000m\000a\000n\000d\000s}{chapter.3}% 21
\BOOKMARK [1][-]{section.3.13}{\376\377\000C\000h\000a\000n\000g\000e\000l\000o\000g}{chapter.3}% 22
\BOOKMARK [2][-]{subsection.3.13.1}{\376\377\0000\000.\0000\000.\0001\000\040\000\050\0002\0000\0002\0003\000-\0000\0008\000-\0001\0006\000\051}{section.3.13}% 23
